-------------------------------------------------------------------------------
Test set: TestSuite
-------------------------------------------------------------------------------
Tests run: 2, Failures: 1, Errors: 0, Skipped: 0, Time elapsed: 8 sec <<< FAILURE! - in TestSuite
successfulHomePageLoad(tests.HomepageTest)  Time elapsed: 0.098 sec  <<< FAILURE!
java.lang.NullPointerException: null
	at tests.HomepageTest.successfulHomePageLoad(HomepageTest.java:17)

