<?xml version="1.0" encoding="UTF-8"?>
<!-- Generated by org.testng.reporters.JUnitXMLReporter -->
<testsuite hostname="DESKTOP-N4P1HPV" ignored="4" name="Surefire test" tests="1" failures="1" timestamp="25 Nov 2018 13:22:14 GMT" time="0.112" errors="0">
  <testcase name="successfulHomePageLoad" time="0.092" classname="tests.HomepageTest">
    <failure type="java.lang.NullPointerException">
      <![CDATA[java.lang.NullPointerExceptionat tests.HomepageTest.successfulHomePageLoad(HomepageTest.java:17)... Removed 29 stack frames]]>
    </failure>
  </testcase> <!-- successfulHomePageLoad -->
  <testcase name="@BeforeSuite beforeSuite" time="0.0" classname="tests.BaseTest">
    <ignored/>
  </testcase> <!-- @BeforeSuite beforeSuite -->
  <testcase name="@BeforeSuite beforeSuite" time="0.0" classname="tests.BaseTest">
    <ignored/>
  </testcase> <!-- @BeforeSuite beforeSuite -->
  <testcase name="@AfterSuite afterSuite" time="0.0" classname="tests.BaseTest">
    <ignored/>
  </testcase> <!-- @AfterSuite afterSuite -->
  <testcase name="@AfterSuite afterSuite" time="0.0" classname="tests.BaseTest">
    <ignored/>
  </testcase> <!-- @AfterSuite afterSuite -->
</testsuite> <!-- Surefire test -->
